{"D:\\Workspace\\portfolio\\12-flow-story-react\\src\\components\\ColumnMapper.tsx": {"path":"D:\\Workspace\\portfolio\\12-flow-story-react\\src\\components\\ColumnMapper.tsx","statementMap":{"0":{"start":{"line":5,"column":54},"end":{"line":5,"column":null}},"1":{"start":{"line":7,"column":2},"end":{"line":13,"column":null}},"2":{"start":{"line":8,"column":4},"end":{"line":11,"column":null}},"3":{"start":{"line":15,"column":30},"end":{"line":20,"column":null}},"4":{"start":{"line":16,"column":4},"end":{"line":19,"column":null}},"5":{"start":{"line":22,"column":21},"end":{"line":22,"column":null}},"6":{"start":{"line":24,"column":23},"end":{"line":46,"column":null}},"7":{"start":{"line":29,"column":4},"end":{"line":46,"column":null}},"8":{"start":{"line":36,"column":25},"end":{"line":36,"column":null}},"9":{"start":{"line":41,"column":10},"end":{"line":43,"column":null}},"10":{"start":{"line":49,"column":2},"end":{"line":106,"column":null}}},"fnMap":{"0":{"name":"ColumnMapper","decl":{"start":{"line":4,"column":24},"end":{"line":4,"column":39}},"loc":{"start":{"line":4,"column":39},"end":{"line":108,"column":null}},"line":4},"1":{"name":"(anonymous_1)","decl":{"start":{"line":15,"column":30},"end":{"line":15,"column":31}},"loc":{"start":{"line":15,"column":76},"end":{"line":20,"column":null}},"line":15},"2":{"name":"(anonymous_2)","decl":{"start":{"line":24,"column":23},"end":{"line":24,"column":null}},"loc":{"start":{"line":29,"column":4},"end":{"line":46,"column":null}},"line":29},"3":{"name":"(anonymous_3)","decl":{"start":{"line":36,"column":18},"end":{"line":36,"column":19}},"loc":{"start":{"line":36,"column":25},"end":{"line":36,"column":null}},"line":36},"4":{"name":"(anonymous_4)","decl":{"start":{"line":40,"column":32},"end":{"line":40,"column":33}},"loc":{"start":{"line":41,"column":10},"end":{"line":43,"column":null}},"line":41}},"branchMap":{"0":{"loc":{"start":{"line":7,"column":2},"end":{"line":13,"column":null}},"type":"if","locations":[{"start":{"line":7,"column":2},"end":{"line":13,"column":null}},{"start":{},"end":{}}],"line":7},"1":{"loc":{"start":{"line":18,"column":14},"end":{"line":18,"column":null}},"type":"binary-expr","locations":[{"start":{"line":18,"column":14},"end":{"line":18,"column":23}},{"start":{"line":18,"column":23},"end":{"line":18,"column":null}}],"line":18},"2":{"loc":{"start":{"line":22,"column":21},"end":{"line":22,"column":null}},"type":"binary-expr","locations":[{"start":{"line":22,"column":21},"end":{"line":22,"column":40}},{"start":{"line":22,"column":40},"end":{"line":22,"column":59}},{"start":{"line":22,"column":59},"end":{"line":22,"column":null}}],"line":22},"3":{"loc":{"start":{"line":27,"column":4},"end":{"line":27,"column":null}},"type":"default-arg","locations":[{"start":{"line":27,"column":24},"end":{"line":27,"column":null}}],"line":27},"4":{"loc":{"start":{"line":32,"column":9},"end":{"line":32,"column":null}},"type":"binary-expr","locations":[{"start":{"line":32,"column":9},"end":{"line":32,"column":21}},{"start":{"line":32,"column":21},"end":{"line":32,"column":null}}],"line":32},"5":{"loc":{"start":{"line":35,"column":15},"end":{"line":35,"column":null}},"type":"binary-expr","locations":[{"start":{"line":35,"column":15},"end":{"line":35,"column":38}},{"start":{"line":35,"column":38},"end":{"line":35,"column":null}}],"line":35},"6":{"loc":{"start":{"line":91,"column":7},"end":{"line":96,"column":null}},"type":"binary-expr","locations":[{"start":{"line":91,"column":7},"end":{"line":91,"column":null}},{"start":{"line":92,"column":8},"end":{"line":96,"column":null}}],"line":91},"7":{"loc":{"start":{"line":99,"column":7},"end":{"line":104,"column":null}},"type":"binary-expr","locations":[{"start":{"line":99,"column":7},"end":{"line":99,"column":null}},{"start":{"line":100,"column":8},"end":{"line":104,"column":null}}],"line":99}},"s":{"0":18,"1":18,"2":1,"3":17,"4":5,"5":17,"6":18,"7":102,"8":5,"9":408,"10":18},"f":{"0":18,"1":5,"2":102,"3":5,"4":408},"b":{"0":[1,17],"1":[5,1],"2":[17,4,3],"3":[102],"4":[102,51],"5":[102,88],"6":[18,14],"7":[18,3]},"meta":{"lastBranch":8,"lastFunction":5,"lastStatement":11,"seen":{"f:4:24:4:39":0,"s:5:54:5:Infinity":0,"b:7:2:13:Infinity:undefined:undefined:undefined:undefined":0,"s:7:2:13:Infinity":1,"s:8:4:11:Infinity":2,"s:15:30:20:Infinity":3,"f:15:30:15:31":1,"s:16:4:19:Infinity":4,"b:18:14:18:23:18:23:18:Infinity":1,"s:22:21:22:Infinity":5,"b:22:21:22:40:22:40:22:59:22:59:22:Infinity":2,"s:24:23:46:Infinity":6,"f:24:23:24:Infinity":2,"s:29:4:46:Infinity":7,"b:27:24:27:Infinity":3,"b:32:9:32:21:32:21:32:Infinity":4,"b:35:15:35:38:35:38:35:Infinity":5,"f:36:18:36:19":3,"s:36:25:36:Infinity":8,"f:40:32:40:33":4,"s:41:10:43:Infinity":9,"s:49:2:106:Infinity":10,"b:91:7:91:Infinity:92:8:96:Infinity":6,"b:99:7:99:Infinity:100:8:104:Infinity":7}}}
,"D:\\Workspace\\portfolio\\12-flow-story-react\\src\\components\\FileUpload.tsx": {"path":"D:\\Workspace\\portfolio\\12-flow-story-react\\src\\components\\FileUpload.tsx","statementMap":{"0":{"start":{"line":8,"column":34},"end":{"line":8,"column":null}},"1":{"start":{"line":9,"column":30},"end":{"line":9,"column":null}},"2":{"start":{"line":10,"column":32},"end":{"line":10,"column":null}},"3":{"start":{"line":11,"column":24},"end":{"line":11,"column":null}},"4":{"start":{"line":12,"column":8},"end":{"line":12,"column":null}},"5":{"start":{"line":14,"column":48},"end":{"line":14,"column":null}},"6":{"start":{"line":16,"column":25},"end":{"line":19,"column":null}},"7":{"start":{"line":17,"column":4},"end":{"line":17,"column":null}},"8":{"start":{"line":18,"column":4},"end":{"line":18,"column":null}},"9":{"start":{"line":21,"column":26},"end":{"line":23,"column":null}},"10":{"start":{"line":22,"column":4},"end":{"line":22,"column":null}},"11":{"start":{"line":25,"column":21},"end":{"line":33,"column":null}},"12":{"start":{"line":26,"column":4},"end":{"line":26,"column":null}},"13":{"start":{"line":27,"column":4},"end":{"line":27,"column":null}},"14":{"start":{"line":29,"column":18},"end":{"line":29,"column":null}},"15":{"start":{"line":30,"column":4},"end":{"line":32,"column":null}},"16":{"start":{"line":31,"column":6},"end":{"line":31,"column":null}},"17":{"start":{"line":35,"column":27},"end":{"line":40,"column":null}},"18":{"start":{"line":36,"column":18},"end":{"line":36,"column":null}},"19":{"start":{"line":37,"column":4},"end":{"line":39,"column":null}},"20":{"start":{"line":38,"column":6},"end":{"line":38,"column":null}},"21":{"start":{"line":42,"column":21},"end":{"line":59,"column":null}},"22":{"start":{"line":43,"column":4},"end":{"line":46,"column":null}},"23":{"start":{"line":44,"column":6},"end":{"line":44,"column":null}},"24":{"start":{"line":45,"column":6},"end":{"line":45,"column":null}},"25":{"start":{"line":48,"column":4},"end":{"line":48,"column":null}},"26":{"start":{"line":49,"column":4},"end":{"line":49,"column":null}},"27":{"start":{"line":50,"column":4},"end":{"line":50,"column":null}},"28":{"start":{"line":52,"column":19},"end":{"line":52,"column":null}},"29":{"start":{"line":53,"column":4},"end":{"line":57,"column":null}},"30":{"start":{"line":54,"column":22},"end":{"line":54,"column":null}},"31":{"start":{"line":55,"column":6},"end":{"line":55,"column":null}},"32":{"start":{"line":56,"column":6},"end":{"line":56,"column":null}},"33":{"start":{"line":58,"column":4},"end":{"line":58,"column":null}},"34":{"start":{"line":61,"column":19},"end":{"line":100,"column":null}},"35":{"start":{"line":62,"column":4},"end":{"line":99,"column":null}},"36":{"start":{"line":67,"column":8},"end":{"line":71,"column":null}},"37":{"start":{"line":68,"column":10},"end":{"line":68,"column":null}},"38":{"start":{"line":69,"column":10},"end":{"line":69,"column":null}},"39":{"start":{"line":70,"column":10},"end":{"line":70,"column":null}},"40":{"start":{"line":73,"column":24},"end":{"line":73,"column":null}},"41":{"start":{"line":74,"column":21},"end":{"line":74,"column":null}},"42":{"start":{"line":77,"column":80},"end":{"line":77,"column":null}},"43":{"start":{"line":78,"column":8},"end":{"line":89,"column":null}},"44":{"start":{"line":79,"column":29},"end":{"line":79,"column":null}},"45":{"start":{"line":80,"column":10},"end":{"line":88,"column":null}},"46":{"start":{"line":81,"column":12},"end":{"line":81,"column":null}},"47":{"start":{"line":82,"column":10},"end":{"line":88,"column":null}},"48":{"start":{"line":83,"column":12},"end":{"line":83,"column":null}},"49":{"start":{"line":84,"column":10},"end":{"line":88,"column":null}},"50":{"start":{"line":85,"column":12},"end":{"line":85,"column":null}},"51":{"start":{"line":87,"column":12},"end":{"line":87,"column":null}},"52":{"start":{"line":91,"column":35},"end":{"line":91,"column":null}},"53":{"start":{"line":92,"column":8},"end":{"line":92,"column":null}},"54":{"start":{"line":93,"column":8},"end":{"line":93,"column":null}},"55":{"start":{"line":96,"column":8},"end":{"line":96,"column":null}},"56":{"start":{"line":97,"column":8},"end":{"line":97,"column":null}},"57":{"start":{"line":102,"column":28},"end":{"line":104,"column":null}},"58":{"start":{"line":103,"column":4},"end":{"line":103,"column":null}},"59":{"start":{"line":106,"column":2},"end":{"line":198,"column":null}},"60":{"start":{"line":177,"column":20},"end":{"line":179,"column":null}},"61":{"start":{"line":185,"column":18},"end":{"line":191,"column":null}},"62":{"start":{"line":187,"column":22},"end":{"line":189,"column":null}}},"fnMap":{"0":{"name":"FileUpload","decl":{"start":{"line":7,"column":24},"end":{"line":7,"column":37}},"loc":{"start":{"line":7,"column":37},"end":{"line":200,"column":null}},"line":7},"1":{"name":"(anonymous_1)","decl":{"start":{"line":16,"column":25},"end":{"line":16,"column":26}},"loc":{"start":{"line":16,"column":59},"end":{"line":19,"column":null}},"line":16},"2":{"name":"(anonymous_2)","decl":{"start":{"line":21,"column":26},"end":{"line":21,"column":32}},"loc":{"start":{"line":21,"column":32},"end":{"line":23,"column":null}},"line":21},"3":{"name":"(anonymous_3)","decl":{"start":{"line":25,"column":21},"end":{"line":25,"column":22}},"loc":{"start":{"line":25,"column":55},"end":{"line":33,"column":null}},"line":25},"4":{"name":"(anonymous_4)","decl":{"start":{"line":35,"column":27},"end":{"line":35,"column":28}},"loc":{"start":{"line":35,"column":71},"end":{"line":40,"column":null}},"line":35},"5":{"name":"(anonymous_5)","decl":{"start":{"line":42,"column":21},"end":{"line":42,"column":22}},"loc":{"start":{"line":42,"column":37},"end":{"line":59,"column":null}},"line":42},"6":{"name":"(anonymous_6)","decl":{"start":{"line":53,"column":20},"end":{"line":53,"column":21}},"loc":{"start":{"line":53,"column":31},"end":{"line":57,"column":null}},"line":53},"7":{"name":"(anonymous_7)","decl":{"start":{"line":61,"column":19},"end":{"line":61,"column":20}},"loc":{"start":{"line":61,"column":40},"end":{"line":100,"column":null}},"line":61},"8":{"name":"(anonymous_8)","decl":{"start":{"line":66,"column":16},"end":{"line":66,"column":17}},"loc":{"start":{"line":66,"column":29},"end":{"line":94,"column":null}},"line":66},"9":{"name":"(anonymous_9)","decl":{"start":{"line":78,"column":24},"end":{"line":78,"column":25}},"loc":{"start":{"line":78,"column":33},"end":{"line":89,"column":9}},"line":78},"10":{"name":"(anonymous_10)","decl":{"start":{"line":95,"column":13},"end":{"line":95,"column":14}},"loc":{"start":{"line":95,"column":29},"end":{"line":98,"column":null}},"line":95},"11":{"name":"(anonymous_11)","decl":{"start":{"line":102,"column":28},"end":{"line":102,"column":34}},"loc":{"start":{"line":102,"column":34},"end":{"line":104,"column":null}},"line":102},"12":{"name":"(anonymous_12)","decl":{"start":{"line":176,"column":42},"end":{"line":176,"column":43}},"loc":{"start":{"line":177,"column":20},"end":{"line":179,"column":null}},"line":177},"13":{"name":"(anonymous_13)","decl":{"start":{"line":184,"column":49},"end":{"line":184,"column":50}},"loc":{"start":{"line":185,"column":18},"end":{"line":191,"column":null}},"line":185},"14":{"name":"(anonymous_14)","decl":{"start":{"line":186,"column":44},"end":{"line":186,"column":45}},"loc":{"start":{"line":187,"column":22},"end":{"line":189,"column":null}},"line":187}},"branchMap":{"0":{"loc":{"start":{"line":30,"column":4},"end":{"line":32,"column":null}},"type":"if","locations":[{"start":{"line":30,"column":4},"end":{"line":32,"column":null}},{"start":{},"end":{}}],"line":30},"1":{"loc":{"start":{"line":37,"column":4},"end":{"line":39,"column":null}},"type":"if","locations":[{"start":{"line":37,"column":4},"end":{"line":39,"column":null}},{"start":{},"end":{}}],"line":37},"2":{"loc":{"start":{"line":37,"column":8},"end":{"line":37,"column":35}},"type":"binary-expr","locations":[{"start":{"line":37,"column":8},"end":{"line":37,"column":17}},{"start":{"line":37,"column":17},"end":{"line":37,"column":35}}],"line":37},"3":{"loc":{"start":{"line":43,"column":4},"end":{"line":46,"column":null}},"type":"if","locations":[{"start":{"line":43,"column":4},"end":{"line":46,"column":null}},{"start":{},"end":{}}],"line":43},"4":{"loc":{"start":{"line":67,"column":8},"end":{"line":71,"column":null}},"type":"if","locations":[{"start":{"line":67,"column":8},"end":{"line":71,"column":null}},{"start":{},"end":{}}],"line":67},"5":{"loc":{"start":{"line":80,"column":10},"end":{"line":88,"column":null}},"type":"if","locations":[{"start":{"line":80,"column":10},"end":{"line":88,"column":null}},{"start":{"line":82,"column":10},"end":{"line":88,"column":null}}],"line":80},"6":{"loc":{"start":{"line":82,"column":10},"end":{"line":88,"column":null}},"type":"if","locations":[{"start":{"line":82,"column":10},"end":{"line":88,"column":null}},{"start":{"line":84,"column":10},"end":{"line":88,"column":null}}],"line":82},"7":{"loc":{"start":{"line":84,"column":10},"end":{"line":88,"column":null}},"type":"if","locations":[{"start":{"line":84,"column":10},"end":{"line":88,"column":null}},{"start":{"line":86,"column":17},"end":{"line":88,"column":null}}],"line":84},"8":{"loc":{"start":{"line":84,"column":21},"end":{"line":84,"column":75}},"type":"binary-expr","locations":[{"start":{"line":84,"column":21},"end":{"line":84,"column":35}},{"start":{"line":84,"column":35},"end":{"line":84,"column":75}}],"line":84},"9":{"loc":{"start":{"line":120,"column":12},"end":{"line":120,"column":104}},"type":"cond-expr","locations":[{"start":{"line":120,"column":25},"end":{"line":120,"column":56}},{"start":{"line":120,"column":56},"end":{"line":120,"column":104}}],"line":120},"10":{"loc":{"start":{"line":139,"column":11},"end":{"line":151,"column":null}},"type":"cond-expr","locations":[{"start":{"line":140,"column":12},"end":{"line":140,"column":null}},{"start":{"line":141,"column":14},"end":{"line":151,"column":null}}],"line":139},"11":{"loc":{"start":{"line":141,"column":14},"end":{"line":151,"column":null}},"type":"cond-expr","locations":[{"start":{"line":142,"column":12},"end":{"line":142,"column":null}},{"start":{"line":144,"column":12},"end":{"line":151,"column":null}}],"line":141},"12":{"loc":{"start":{"line":156,"column":7},"end":{"line":159,"column":null}},"type":"binary-expr","locations":[{"start":{"line":156,"column":7},"end":{"line":156,"column":null}},{"start":{"line":157,"column":8},"end":{"line":159,"column":null}}],"line":156},"13":{"loc":{"start":{"line":163,"column":7},"end":{"line":196,"column":null}},"type":"binary-expr","locations":[{"start":{"line":163,"column":7},"end":{"line":163,"column":21}},{"start":{"line":163,"column":21},"end":{"line":163,"column":null}},{"start":{"line":164,"column":8},"end":{"line":196,"column":null}}],"line":163},"14":{"loc":{"start":{"line":188,"column":32},"end":{"line":188,"column":46}},"type":"binary-expr","locations":[{"start":{"line":188,"column":32},"end":{"line":188,"column":44}},{"start":{"line":188,"column":44},"end":{"line":188,"column":46}}],"line":188}},"s":{"0":68,"1":68,"2":68,"3":68,"4":68,"5":68,"6":68,"7":2,"8":2,"9":68,"10":1,"11":68,"12":2,"13":2,"14":2,"15":2,"16":2,"17":68,"18":15,"19":15,"20":15,"21":68,"22":17,"23":3,"24":3,"25":14,"26":14,"27":14,"28":14,"29":14,"30":14,"31":14,"32":14,"33":14,"34":68,"35":14,"36":13,"37":1,"38":1,"39":1,"40":12,"41":12,"42":12,"43":12,"44":32,"45":32,"46":10,"47":22,"48":0,"49":22,"50":0,"51":22,"52":12,"53":12,"54":12,"55":1,"56":1,"57":68,"58":1607,"59":68,"60":33,"61":22,"62":66},"f":{"0":68,"1":2,"2":1,"3":2,"4":15,"5":17,"6":14,"7":14,"8":13,"9":32,"10":1,"11":1607,"12":33,"13":22,"14":66},"b":{"0":[2,0],"1":[15,0],"2":[15,15],"3":[3,14],"4":[1,12],"5":[10,22],"6":[0,22],"7":[0,22],"8":[22,22],"9":[2,66],"10":[28,40],"11":[11,29],"12":[68,5],"13":[68,11,11],"14":[66,0]},"meta":{"lastBranch":15,"lastFunction":15,"lastStatement":63,"seen":{"f:7:24:7:37":0,"s:8:34:8:Infinity":0,"s:9:30:9:Infinity":1,"s:10:32:10:Infinity":2,"s:11:24:11:Infinity":3,"s:12:8:12:Infinity":4,"s:14:48:14:Infinity":5,"s:16:25:19:Infinity":6,"f:16:25:16:26":1,"s:17:4:17:Infinity":7,"s:18:4:18:Infinity":8,"s:21:26:23:Infinity":9,"f:21:26:21:32":2,"s:22:4:22:Infinity":10,"s:25:21:33:Infinity":11,"f:25:21:25:22":3,"s:26:4:26:Infinity":12,"s:27:4:27:Infinity":13,"s:29:18:29:Infinity":14,"b:30:4:32:Infinity:undefined:undefined:undefined:undefined":0,"s:30:4:32:Infinity":15,"s:31:6:31:Infinity":16,"s:35:27:40:Infinity":17,"f:35:27:35:28":4,"s:36:18:36:Infinity":18,"b:37:4:39:Infinity:undefined:undefined:undefined:undefined":1,"s:37:4:39:Infinity":19,"b:37:8:37:17:37:17:37:35":2,"s:38:6:38:Infinity":20,"s:42:21:59:Infinity":21,"f:42:21:42:22":5,"b:43:4:46:Infinity:undefined:undefined:undefined:undefined":3,"s:43:4:46:Infinity":22,"s:44:6:44:Infinity":23,"s:45:6:45:Infinity":24,"s:48:4:48:Infinity":25,"s:49:4:49:Infinity":26,"s:50:4:50:Infinity":27,"s:52:19:52:Infinity":28,"s:53:4:57:Infinity":29,"f:53:20:53:21":6,"s:54:22:54:Infinity":30,"s:55:6:55:Infinity":31,"s:56:6:56:Infinity":32,"s:58:4:58:Infinity":33,"s:61:19:100:Infinity":34,"f:61:19:61:20":7,"s:62:4:99:Infinity":35,"f:66:16:66:17":8,"b:67:8:71:Infinity:undefined:undefined:undefined:undefined":4,"s:67:8:71:Infinity":36,"s:68:10:68:Infinity":37,"s:69:10:69:Infinity":38,"s:70:10:70:Infinity":39,"s:73:24:73:Infinity":40,"s:74:21:74:Infinity":41,"s:77:80:77:Infinity":42,"s:78:8:89:Infinity":43,"f:78:24:78:25":9,"s:79:29:79:Infinity":44,"b:80:10:88:Infinity:82:10:88:Infinity":5,"s:80:10:88:Infinity":45,"s:81:12:81:Infinity":46,"b:82:10:88:Infinity:84:10:88:Infinity":6,"s:82:10:88:Infinity":47,"s:83:12:83:Infinity":48,"b:84:10:88:Infinity:86:17:88:Infinity":7,"s:84:10:88:Infinity":49,"b:84:21:84:35:84:35:84:75":8,"s:85:12:85:Infinity":50,"s:87:12:87:Infinity":51,"s:91:35:91:Infinity":52,"s:92:8:92:Infinity":53,"s:93:8:93:Infinity":54,"f:95:13:95:14":10,"s:96:8:96:Infinity":55,"s:97:8:97:Infinity":56,"s:102:28:104:Infinity":57,"f:102:28:102:34":11,"s:103:4:103:Infinity":58,"s:106:2:198:Infinity":59,"b:120:25:120:56:120:56:120:104":9,"b:140:12:140:Infinity:141:14:151:Infinity":10,"b:142:12:142:Infinity:144:12:151:Infinity":11,"b:156:7:156:Infinity:157:8:159:Infinity":12,"b:163:7:163:21:163:21:163:Infinity:164:8:196:Infinity":13,"f:176:42:176:43":12,"s:177:20:179:Infinity":60,"f:184:49:184:50":13,"s:185:18:191:Infinity":61,"f:186:44:186:45":14,"s:187:22:189:Infinity":62,"b:188:32:188:44:188:44:188:46":14}}}
,"D:\\Workspace\\portfolio\\12-flow-story-react\\src\\store\\dataStore.ts": {"path":"D:\\Workspace\\portfolio\\12-flow-story-react\\src\\store\\dataStore.ts","statementMap":{"0":{"start":{"line":24,"column":13},"end":{"line":52,"column":null}},"1":{"start":{"line":24,"column":56},"end":{"line":52,"column":2}},"2":{"start":{"line":33,"column":24},"end":{"line":33,"column":null}},"3":{"start":{"line":34,"column":27},"end":{"line":34,"column":null}},"4":{"start":{"line":35,"column":33},"end":{"line":35,"column":null}},"5":{"start":{"line":36,"column":37},"end":{"line":36,"column":null}},"6":{"start":{"line":37,"column":29},"end":{"line":37,"column":null}},"7":{"start":{"line":37,"column":45},"end":{"line":37,"column":91}},"8":{"start":{"line":38,"column":35},"end":{"line":40,"column":null}},"9":{"start":{"line":38,"column":51},"end":{"line":40,"column":4}},"10":{"start":{"line":39,"column":43},"end":{"line":39,"column":82}},"11":{"start":{"line":41,"column":26},"end":{"line":43,"column":null}},"12":{"start":{"line":41,"column":42},"end":{"line":43,"column":4}},"13":{"start":{"line":42,"column":45},"end":{"line":42,"column":56}},"14":{"start":{"line":44,"column":24},"end":{"line":44,"column":null}},"15":{"start":{"line":45,"column":19},"end":{"line":51,"column":null}}},"fnMap":{"0":{"name":"(anonymous_0)","decl":{"start":{"line":24,"column":46},"end":{"line":24,"column":47}},"loc":{"start":{"line":24,"column":56},"end":{"line":52,"column":2}},"line":24},"1":{"name":"(anonymous_1)","decl":{"start":{"line":33,"column":14},"end":{"line":33,"column":15}},"loc":{"start":{"line":33,"column":24},"end":{"line":33,"column":null}},"line":33},"2":{"name":"(anonymous_2)","decl":{"start":{"line":34,"column":17},"end":{"line":34,"column":18}},"loc":{"start":{"line":34,"column":27},"end":{"line":34,"column":null}},"line":34},"3":{"name":"(anonymous_3)","decl":{"start":{"line":35,"column":20},"end":{"line":35,"column":21}},"loc":{"start":{"line":35,"column":33},"end":{"line":35,"column":null}},"line":35},"4":{"name":"(anonymous_4)","decl":{"start":{"line":36,"column":24},"end":{"line":36,"column":25}},"loc":{"start":{"line":36,"column":37},"end":{"line":36,"column":null}},"line":36},"5":{"name":"(anonymous_5)","decl":{"start":{"line":37,"column":15},"end":{"line":37,"column":16}},"loc":{"start":{"line":37,"column":29},"end":{"line":37,"column":null}},"line":37},"6":{"name":"(anonymous_6)","decl":{"start":{"line":37,"column":33},"end":{"line":37,"column":34}},"loc":{"start":{"line":37,"column":45},"end":{"line":37,"column":91}},"line":37},"7":{"name":"(anonymous_7)","decl":{"start":{"line":38,"column":18},"end":{"line":38,"column":19}},"loc":{"start":{"line":38,"column":35},"end":{"line":40,"column":null}},"line":38},"8":{"name":"(anonymous_8)","decl":{"start":{"line":38,"column":39},"end":{"line":38,"column":40}},"loc":{"start":{"line":38,"column":51},"end":{"line":40,"column":4}},"line":38},"9":{"name":"(anonymous_9)","decl":{"start":{"line":39,"column":35},"end":{"line":39,"column":36}},"loc":{"start":{"line":39,"column":43},"end":{"line":39,"column":82}},"line":39},"10":{"name":"(anonymous_10)","decl":{"start":{"line":41,"column":18},"end":{"line":41,"column":19}},"loc":{"start":{"line":41,"column":26},"end":{"line":43,"column":null}},"line":41},"11":{"name":"(anonymous_11)","decl":{"start":{"line":41,"column":30},"end":{"line":41,"column":31}},"loc":{"start":{"line":41,"column":42},"end":{"line":43,"column":4}},"line":41},"12":{"name":"(anonymous_12)","decl":{"start":{"line":42,"column":38},"end":{"line":42,"column":39}},"loc":{"start":{"line":42,"column":45},"end":{"line":42,"column":56}},"line":42},"13":{"name":"(anonymous_13)","decl":{"start":{"line":44,"column":18},"end":{"line":44,"column":24}},"loc":{"start":{"line":44,"column":24},"end":{"line":44,"column":null}},"line":44},"14":{"name":"(anonymous_14)","decl":{"start":{"line":45,"column":13},"end":{"line":45,"column":19}},"loc":{"start":{"line":45,"column":19},"end":{"line":51,"column":null}},"line":45}},"branchMap":{"0":{"loc":{"start":{"line":39,"column":43},"end":{"line":39,"column":82}},"type":"cond-expr","locations":[{"start":{"line":39,"column":57},"end":{"line":39,"column":80}},{"start":{"line":39,"column":80},"end":{"line":39,"column":82}}],"line":39}},"s":{"0":5,"1":5,"2":18,"3":61,"4":43,"5":5,"6":12,"7":12,"8":3,"9":3,"10":3,"11":2,"12":2,"13":3,"14":1,"15":98},"f":{"0":5,"1":18,"2":61,"3":43,"4":5,"5":12,"6":12,"7":3,"8":3,"9":3,"10":2,"11":2,"12":3,"13":1,"14":98},"b":{"0":[2,1]},"meta":{"lastBranch":1,"lastFunction":15,"lastStatement":16,"seen":{"s:24:13:52:Infinity":0,"f:24:46:24:47":0,"s:24:56:52:2":1,"f:33:14:33:15":1,"s:33:24:33:Infinity":2,"f:34:17:34:18":2,"s:34:27:34:Infinity":3,"f:35:20:35:21":3,"s:35:33:35:Infinity":4,"f:36:24:36:25":4,"s:36:37:36:Infinity":5,"f:37:15:37:16":5,"s:37:29:37:Infinity":6,"f:37:33:37:34":6,"s:37:45:37:91":7,"f:38:18:38:19":7,"s:38:35:40:Infinity":8,"f:38:39:38:40":8,"s:38:51:40:4":9,"f:39:35:39:36":9,"s:39:43:39:82":10,"b:39:57:39:80:39:80:39:82":0,"f:41:18:41:19":10,"s:41:26:43:Infinity":11,"f:41:30:41:31":11,"s:41:42:43:4":12,"f:42:38:42:39":12,"s:42:45:42:56":13,"f:44:18:44:24":13,"s:44:24:44:Infinity":14,"f:45:13:45:19":14,"s:45:19:51:Infinity":15}}}
}
